The system is: Darwin - 17.4.0 - x86_64
Compiling the CXX compiler identification source file "CMakeCXXCompilerId.cpp" succeeded.
Compiler: /opt/local/bin/clang++ 
Build flags: 
Id flags:  

The output was:
0


Compilation of the CXX compiler identification source "CMakeCXXCompilerId.cpp" produced "a.out"

The CXX compiler identification is Clang, found in "/Users/wulfix/Desktop/Cursussen_Gent/ThesisDir/Libraries/Forks/libwint/bbb/CMakeFiles/3.10.3/CompilerIdCXX/a.out"

Determining if the CXX compiler works passed with the following output:
Change Dir: /Users/wulfix/Desktop/Cursussen_Gent/ThesisDir/Libraries/Forks/libwint/bbb/CMakeFiles/CMakeTmp

Run Build Command:"/usr/bin/make" "cmTC_a0e88/fast"
/Applications/Xcode.app/Contents/Developer/usr/bin/make -f CMakeFiles/cmTC_a0e88.dir/build.make CMakeFiles/cmTC_a0e88.dir/build
Building CXX object CMakeFiles/cmTC_a0e88.dir/testCXXCompiler.cxx.o
/opt/local/bin/clang++     -o CMakeFiles/cmTC_a0e88.dir/testCXXCompiler.cxx.o -c /Users/wulfix/Desktop/Cursussen_Gent/ThesisDir/Libraries/Forks/libwint/bbb/CMakeFiles/CMakeTmp/testCXXCompiler.cxx
Linking CXX executable cmTC_a0e88
/opt/local/bin/cmake -E cmake_link_script CMakeFiles/cmTC_a0e88.dir/link.txt --verbose=1
/opt/local/bin/clang++    -Wl,-search_paths_first -Wl,-headerpad_max_install_names   CMakeFiles/cmTC_a0e88.dir/testCXXCompiler.cxx.o  -o cmTC_a0e88 


Detecting CXX compiler ABI info compiled with the following output:
Change Dir: /Users/wulfix/Desktop/Cursussen_Gent/ThesisDir/Libraries/Forks/libwint/bbb/CMakeFiles/CMakeTmp

Run Build Command:"/usr/bin/make" "cmTC_75628/fast"
/Applications/Xcode.app/Contents/Developer/usr/bin/make -f CMakeFiles/cmTC_75628.dir/build.make CMakeFiles/cmTC_75628.dir/build
Building CXX object CMakeFiles/cmTC_75628.dir/CMakeCXXCompilerABI.cpp.o
/opt/local/bin/clang++     -o CMakeFiles/cmTC_75628.dir/CMakeCXXCompilerABI.cpp.o -c /opt/local/share/cmake-3.10/Modules/CMakeCXXCompilerABI.cpp
Linking CXX executable cmTC_75628
/opt/local/bin/cmake -E cmake_link_script CMakeFiles/cmTC_75628.dir/link.txt --verbose=1
/opt/local/bin/clang++    -Wl,-search_paths_first -Wl,-headerpad_max_install_names  -v -Wl,-v CMakeFiles/cmTC_75628.dir/CMakeCXXCompilerABI.cpp.o  -o cmTC_75628 
clang version 5.0.1 (tags/RELEASE_501/final)
Target: x86_64-apple-darwin17.4.0
Thread model: posix
InstalledDir: /opt/local/libexec/llvm-5.0/bin
 "/opt/local/libexec/llvm-5.0/bin/ld" -demangle -lto_library /opt/local/libexec/llvm-5.0/lib/libLTO.dylib -dynamic -arch x86_64 -macosx_version_min 10.13.0 -o cmTC_75628 -search_paths_first -headerpad_max_install_names -v CMakeFiles/cmTC_75628.dir/CMakeCXXCompilerABI.cpp.o -L/opt/intel/compilers_and_libraries_2018.1.126/mac/tbb/lib -L/opt/intel/compilers_and_libraries_2018.1.126/mac/compiler/lib -L/opt/intel/compilers_and_libraries_2018.1.126/mac/mkl/lib -L/opt/local/lib -L. -lc++ -lSystem /opt/local/libexec/llvm-5.0/lib/clang/5.0.1/lib/darwin/libclang_rt.osx.a
@(#)PROGRAM:ld  PROJECT:ld64-274.2
configured to support archs: i386 x86_64 x86_64h armv6 armv7 armv7s armv7m armv7k arm64 (tvOS)
Library search paths:
	/opt/intel/compilers_and_libraries_2018.1.126/mac/tbb/lib
	/opt/intel/compilers_and_libraries_2018.1.126/mac/compiler/lib
	/opt/intel/compilers_and_libraries_2018.1.126/mac/mkl/lib
	/opt/local/lib
	.
	/usr/lib
	/usr/local/lib
Framework search paths:
	/Library/Frameworks/
	/System/Library/Frameworks/


Parsed CXX implicit link information from above output:
  link line regex: [^( *|.*[/\])(ld|CMAKE_LINK_STARTFILE-NOTFOUND|([^/\]+-)?ld|collect2)[^/\]*( |$)]
  ignore line: [Change Dir: /Users/wulfix/Desktop/Cursussen_Gent/ThesisDir/Libraries/Forks/libwint/bbb/CMakeFiles/CMakeTmp]
  ignore line: []
  ignore line: [Run Build Command:"/usr/bin/make" "cmTC_75628/fast"]
  ignore line: [/Applications/Xcode.app/Contents/Developer/usr/bin/make -f CMakeFiles/cmTC_75628.dir/build.make CMakeFiles/cmTC_75628.dir/build]
  ignore line: [Building CXX object CMakeFiles/cmTC_75628.dir/CMakeCXXCompilerABI.cpp.o]
  ignore line: [/opt/local/bin/clang++     -o CMakeFiles/cmTC_75628.dir/CMakeCXXCompilerABI.cpp.o -c /opt/local/share/cmake-3.10/Modules/CMakeCXXCompilerABI.cpp]
  ignore line: [Linking CXX executable cmTC_75628]
  ignore line: [/opt/local/bin/cmake -E cmake_link_script CMakeFiles/cmTC_75628.dir/link.txt --verbose=1]
  ignore line: [/opt/local/bin/clang++    -Wl,-search_paths_first -Wl,-headerpad_max_install_names  -v -Wl,-v CMakeFiles/cmTC_75628.dir/CMakeCXXCompilerABI.cpp.o  -o cmTC_75628 ]
  ignore line: [clang version 5.0.1 (tags/RELEASE_501/final)]
  ignore line: [Target: x86_64-apple-darwin17.4.0]
  ignore line: [Thread model: posix]
  ignore line: [InstalledDir: /opt/local/libexec/llvm-5.0/bin]
  link line: [ "/opt/local/libexec/llvm-5.0/bin/ld" -demangle -lto_library /opt/local/libexec/llvm-5.0/lib/libLTO.dylib -dynamic -arch x86_64 -macosx_version_min 10.13.0 -o cmTC_75628 -search_paths_first -headerpad_max_install_names -v CMakeFiles/cmTC_75628.dir/CMakeCXXCompilerABI.cpp.o -L/opt/intel/compilers_and_libraries_2018.1.126/mac/tbb/lib -L/opt/intel/compilers_and_libraries_2018.1.126/mac/compiler/lib -L/opt/intel/compilers_and_libraries_2018.1.126/mac/mkl/lib -L/opt/local/lib -L. -lc++ -lSystem /opt/local/libexec/llvm-5.0/lib/clang/5.0.1/lib/darwin/libclang_rt.osx.a]
    arg [/opt/local/libexec/llvm-5.0/bin/ld] ==> ignore
    arg [-demangle] ==> ignore
    arg [-lto_library] ==> ignore, skip following value
    arg [/opt/local/libexec/llvm-5.0/lib/libLTO.dylib] ==> skip value of -lto_library
    arg [-dynamic] ==> ignore
    arg [-arch] ==> ignore
    arg [x86_64] ==> ignore
    arg [-macosx_version_min] ==> ignore
    arg [10.13.0] ==> ignore
    arg [-o] ==> ignore
    arg [cmTC_75628] ==> ignore
    arg [-search_paths_first] ==> ignore
    arg [-headerpad_max_install_names] ==> ignore
    arg [-v] ==> ignore
    arg [CMakeFiles/cmTC_75628.dir/CMakeCXXCompilerABI.cpp.o] ==> ignore
    arg [-L/opt/intel/compilers_and_libraries_2018.1.126/mac/tbb/lib] ==> dir [/opt/intel/compilers_and_libraries_2018.1.126/mac/tbb/lib]
    arg [-L/opt/intel/compilers_and_libraries_2018.1.126/mac/compiler/lib] ==> dir [/opt/intel/compilers_and_libraries_2018.1.126/mac/compiler/lib]
    arg [-L/opt/intel/compilers_and_libraries_2018.1.126/mac/mkl/lib] ==> dir [/opt/intel/compilers_and_libraries_2018.1.126/mac/mkl/lib]
    arg [-L/opt/local/lib] ==> dir [/opt/local/lib]
    arg [-L.] ==> ignore
    arg [-lc++] ==> lib [c++]
    arg [-lSystem] ==> lib [System]
    arg [/opt/local/libexec/llvm-5.0/lib/clang/5.0.1/lib/darwin/libclang_rt.osx.a] ==> lib [/opt/local/libexec/llvm-5.0/lib/clang/5.0.1/lib/darwin/libclang_rt.osx.a]
  Library search paths: [;/opt/intel/compilers_and_libraries_2018.1.126/mac/tbb/lib;/opt/intel/compilers_and_libraries_2018.1.126/mac/compiler/lib;/opt/intel/compilers_and_libraries_2018.1.126/mac/mkl/lib;/opt/local/lib;.;/usr/lib;/usr/local/lib]
  Framework search paths: [;/Library/Frameworks/;/System/Library/Frameworks/]
  remove lib [System]
  remove lib [/opt/local/libexec/llvm-5.0/lib/clang/5.0.1/lib/darwin/libclang_rt.osx.a]
  collapse library dir [/opt/intel/compilers_and_libraries_2018.1.126/mac/tbb/lib] ==> [/opt/intel/compilers_and_libraries_2018.1.126/mac/tbb/lib]
  collapse library dir [/opt/intel/compilers_and_libraries_2018.1.126/mac/compiler/lib] ==> [/opt/intel/compilers_and_libraries_2018.1.126/mac/compiler/lib]
  collapse library dir [/opt/intel/compilers_and_libraries_2018.1.126/mac/mkl/lib] ==> [/opt/intel/compilers_and_libraries_2018.1.126/mac/mkl/lib]
  collapse library dir [/opt/local/lib] ==> [/opt/local/lib]
  collapse library dir [/opt/intel/compilers_and_libraries_2018.1.126/mac/tbb/lib] ==> [/opt/intel/compilers_and_libraries_2018.1.126/mac/tbb/lib]
  collapse library dir [/opt/intel/compilers_and_libraries_2018.1.126/mac/compiler/lib] ==> [/opt/intel/compilers_and_libraries_2018.1.126/mac/compiler/lib]
  collapse library dir [/opt/intel/compilers_and_libraries_2018.1.126/mac/mkl/lib] ==> [/opt/intel/compilers_and_libraries_2018.1.126/mac/mkl/lib]
  collapse library dir [/opt/local/lib] ==> [/opt/local/lib]
  collapse library dir [.] ==> [/Users/wulfix/Desktop/Cursussen_Gent/ThesisDir/Libraries/Forks/libwint]
  collapse library dir [/usr/lib] ==> [/usr/lib]
  collapse library dir [/usr/local/lib] ==> [/usr/local/lib]
  collapse framework dir [/Library/Frameworks/] ==> [/Library/Frameworks]
  collapse framework dir [/System/Library/Frameworks/] ==> [/System/Library/Frameworks]
  implicit libs: [c++]
  implicit dirs: [/opt/intel/compilers_and_libraries_2018.1.126/mac/tbb/lib;/opt/intel/compilers_and_libraries_2018.1.126/mac/compiler/lib;/opt/intel/compilers_and_libraries_2018.1.126/mac/mkl/lib;/opt/local/lib;/Users/wulfix/Desktop/Cursussen_Gent/ThesisDir/Libraries/Forks/libwint;/usr/lib;/usr/local/lib]
  implicit fwks: [/Library/Frameworks;/System/Library/Frameworks]




Detecting CXX [-std=c++1z] compiler features compiled with the following output:
Change Dir: /Users/wulfix/Desktop/Cursussen_Gent/ThesisDir/Libraries/Forks/libwint/bbb/CMakeFiles/CMakeTmp

Run Build Command:"/usr/bin/make" "cmTC_e32a6/fast"
/Applications/Xcode.app/Contents/Developer/usr/bin/make -f CMakeFiles/cmTC_e32a6.dir/build.make CMakeFiles/cmTC_e32a6.dir/build
Building CXX object CMakeFiles/cmTC_e32a6.dir/feature_tests.cxx.o
/opt/local/bin/clang++    -std=c++1z -o CMakeFiles/cmTC_e32a6.dir/feature_tests.cxx.o -c /Users/wulfix/Desktop/Cursussen_Gent/ThesisDir/Libraries/Forks/libwint/bbb/CMakeFiles/feature_tests.cxx
Linking CXX executable cmTC_e32a6
/opt/local/bin/cmake -E cmake_link_script CMakeFiles/cmTC_e32a6.dir/link.txt --verbose=1
/opt/local/bin/clang++    -Wl,-search_paths_first -Wl,-headerpad_max_install_names   CMakeFiles/cmTC_e32a6.dir/feature_tests.cxx.o  -o cmTC_e32a6 


    Feature record: CXX_FEATURE:1cxx_aggregate_default_initializers
    Feature record: CXX_FEATURE:1cxx_alias_templates
    Feature record: CXX_FEATURE:1cxx_alignas
    Feature record: CXX_FEATURE:1cxx_alignof
    Feature record: CXX_FEATURE:1cxx_attributes
    Feature record: CXX_FEATURE:1cxx_attribute_deprecated
    Feature record: CXX_FEATURE:1cxx_auto_type
    Feature record: CXX_FEATURE:1cxx_binary_literals
    Feature record: CXX_FEATURE:1cxx_constexpr
    Feature record: CXX_FEATURE:1cxx_contextual_conversions
    Feature record: CXX_FEATURE:1cxx_decltype
    Feature record: CXX_FEATURE:1cxx_decltype_auto
    Feature record: CXX_FEATURE:1cxx_decltype_incomplete_return_types
    Feature record: CXX_FEATURE:1cxx_default_function_template_args
    Feature record: CXX_FEATURE:1cxx_defaulted_functions
    Feature record: CXX_FEATURE:1cxx_defaulted_move_initializers
    Feature record: CXX_FEATURE:1cxx_delegating_constructors
    Feature record: CXX_FEATURE:1cxx_deleted_functions
    Feature record: CXX_FEATURE:1cxx_digit_separators
    Feature record: CXX_FEATURE:1cxx_enum_forward_declarations
    Feature record: CXX_FEATURE:1cxx_explicit_conversions
    Feature record: CXX_FEATURE:1cxx_extended_friend_declarations
    Feature record: CXX_FEATURE:1cxx_extern_templates
    Feature record: CXX_FEATURE:1cxx_final
    Feature record: CXX_FEATURE:1cxx_func_identifier
    Feature record: CXX_FEATURE:1cxx_generalized_initializers
    Feature record: CXX_FEATURE:1cxx_generic_lambdas
    Feature record: CXX_FEATURE:1cxx_inheriting_constructors
    Feature record: CXX_FEATURE:1cxx_inline_namespaces
    Feature record: CXX_FEATURE:1cxx_lambdas
    Feature record: CXX_FEATURE:1cxx_lambda_init_captures
    Feature record: CXX_FEATURE:1cxx_local_type_template_args
    Feature record: CXX_FEATURE:1cxx_long_long_type
    Feature record: CXX_FEATURE:1cxx_noexcept
    Feature record: CXX_FEATURE:1cxx_nonstatic_member_init
    Feature record: CXX_FEATURE:1cxx_nullptr
    Feature record: CXX_FEATURE:1cxx_override
    Feature record: CXX_FEATURE:1cxx_range_for
    Feature record: CXX_FEATURE:1cxx_raw_string_literals
    Feature record: CXX_FEATURE:1cxx_reference_qualified_functions
    Feature record: CXX_FEATURE:1cxx_relaxed_constexpr
    Feature record: CXX_FEATURE:1cxx_return_type_deduction
    Feature record: CXX_FEATURE:1cxx_right_angle_brackets
    Feature record: CXX_FEATURE:1cxx_rvalue_references
    Feature record: CXX_FEATURE:1cxx_sizeof_member
    Feature record: CXX_FEATURE:1cxx_static_assert
    Feature record: CXX_FEATURE:1cxx_strong_enums
    Feature record: CXX_FEATURE:1cxx_template_template_parameters
    Feature record: CXX_FEATURE:1cxx_thread_local
    Feature record: CXX_FEATURE:1cxx_trailing_return_types
    Feature record: CXX_FEATURE:1cxx_unicode_literals
    Feature record: CXX_FEATURE:1cxx_uniform_initialization
    Feature record: CXX_FEATURE:1cxx_unrestricted_unions
    Feature record: CXX_FEATURE:1cxx_user_literals
    Feature record: CXX_FEATURE:1cxx_variable_templates
    Feature record: CXX_FEATURE:1cxx_variadic_macros
    Feature record: CXX_FEATURE:1cxx_variadic_templates


Detecting CXX [-std=c++14] compiler features compiled with the following output:
Change Dir: /Users/wulfix/Desktop/Cursussen_Gent/ThesisDir/Libraries/Forks/libwint/bbb/CMakeFiles/CMakeTmp

Run Build Command:"/usr/bin/make" "cmTC_884dd/fast"
/Applications/Xcode.app/Contents/Developer/usr/bin/make -f CMakeFiles/cmTC_884dd.dir/build.make CMakeFiles/cmTC_884dd.dir/build
Building CXX object CMakeFiles/cmTC_884dd.dir/feature_tests.cxx.o
/opt/local/bin/clang++    -std=c++14 -o CMakeFiles/cmTC_884dd.dir/feature_tests.cxx.o -c /Users/wulfix/Desktop/Cursussen_Gent/ThesisDir/Libraries/Forks/libwint/bbb/CMakeFiles/feature_tests.cxx
Linking CXX executable cmTC_884dd
/opt/local/bin/cmake -E cmake_link_script CMakeFiles/cmTC_884dd.dir/link.txt --verbose=1
/opt/local/bin/clang++    -Wl,-search_paths_first -Wl,-headerpad_max_install_names   CMakeFiles/cmTC_884dd.dir/feature_tests.cxx.o  -o cmTC_884dd 


    Feature record: CXX_FEATURE:1cxx_aggregate_default_initializers
    Feature record: CXX_FEATURE:1cxx_alias_templates
    Feature record: CXX_FEATURE:1cxx_alignas
    Feature record: CXX_FEATURE:1cxx_alignof
    Feature record: CXX_FEATURE:1cxx_attributes
    Feature record: CXX_FEATURE:1cxx_attribute_deprecated
    Feature record: CXX_FEATURE:1cxx_auto_type
    Feature record: CXX_FEATURE:1cxx_binary_literals
    Feature record: CXX_FEATURE:1cxx_constexpr
    Feature record: CXX_FEATURE:1cxx_contextual_conversions
    Feature record: CXX_FEATURE:1cxx_decltype
    Feature record: CXX_FEATURE:1cxx_decltype_auto
    Feature record: CXX_FEATURE:1cxx_decltype_incomplete_return_types
    Feature record: CXX_FEATURE:1cxx_default_function_template_args
    Feature record: CXX_FEATURE:1cxx_defaulted_functions
    Feature record: CXX_FEATURE:1cxx_defaulted_move_initializers
    Feature record: CXX_FEATURE:1cxx_delegating_constructors
    Feature record: CXX_FEATURE:1cxx_deleted_functions
    Feature record: CXX_FEATURE:1cxx_digit_separators
    Feature record: CXX_FEATURE:1cxx_enum_forward_declarations
    Feature record: CXX_FEATURE:1cxx_explicit_conversions
    Feature record: CXX_FEATURE:1cxx_extended_friend_declarations
    Feature record: CXX_FEATURE:1cxx_extern_templates
    Feature record: CXX_FEATURE:1cxx_final
    Feature record: CXX_FEATURE:1cxx_func_identifier
    Feature record: CXX_FEATURE:1cxx_generalized_initializers
    Feature record: CXX_FEATURE:1cxx_generic_lambdas
    Feature record: CXX_FEATURE:1cxx_inheriting_constructors
    Feature record: CXX_FEATURE:1cxx_inline_namespaces
    Feature record: CXX_FEATURE:1cxx_lambdas
    Feature record: CXX_FEATURE:1cxx_lambda_init_captures
    Feature record: CXX_FEATURE:1cxx_local_type_template_args
    Feature record: CXX_FEATURE:1cxx_long_long_type
    Feature record: CXX_FEATURE:1cxx_noexcept
    Feature record: CXX_FEATURE:1cxx_nonstatic_member_init
    Feature record: CXX_FEATURE:1cxx_nullptr
    Feature record: CXX_FEATURE:1cxx_override
    Feature record: CXX_FEATURE:1cxx_range_for
    Feature record: CXX_FEATURE:1cxx_raw_string_literals
    Feature record: CXX_FEATURE:1cxx_reference_qualified_functions
    Feature record: CXX_FEATURE:1cxx_relaxed_constexpr
    Feature record: CXX_FEATURE:1cxx_return_type_deduction
    Feature record: CXX_FEATURE:1cxx_right_angle_brackets
    Feature record: CXX_FEATURE:1cxx_rvalue_references
    Feature record: CXX_FEATURE:1cxx_sizeof_member
    Feature record: CXX_FEATURE:1cxx_static_assert
    Feature record: CXX_FEATURE:1cxx_strong_enums
    Feature record: CXX_FEATURE:1cxx_template_template_parameters
    Feature record: CXX_FEATURE:1cxx_thread_local
    Feature record: CXX_FEATURE:1cxx_trailing_return_types
    Feature record: CXX_FEATURE:1cxx_unicode_literals
    Feature record: CXX_FEATURE:1cxx_uniform_initialization
    Feature record: CXX_FEATURE:1cxx_unrestricted_unions
    Feature record: CXX_FEATURE:1cxx_user_literals
    Feature record: CXX_FEATURE:1cxx_variable_templates
    Feature record: CXX_FEATURE:1cxx_variadic_macros
    Feature record: CXX_FEATURE:1cxx_variadic_templates


Detecting CXX [-std=c++11] compiler features compiled with the following output:
Change Dir: /Users/wulfix/Desktop/Cursussen_Gent/ThesisDir/Libraries/Forks/libwint/bbb/CMakeFiles/CMakeTmp

Run Build Command:"/usr/bin/make" "cmTC_98031/fast"
/Applications/Xcode.app/Contents/Developer/usr/bin/make -f CMakeFiles/cmTC_98031.dir/build.make CMakeFiles/cmTC_98031.dir/build
Building CXX object CMakeFiles/cmTC_98031.dir/feature_tests.cxx.o
/opt/local/bin/clang++    -std=c++11 -o CMakeFiles/cmTC_98031.dir/feature_tests.cxx.o -c /Users/wulfix/Desktop/Cursussen_Gent/ThesisDir/Libraries/Forks/libwint/bbb/CMakeFiles/feature_tests.cxx
Linking CXX executable cmTC_98031
/opt/local/bin/cmake -E cmake_link_script CMakeFiles/cmTC_98031.dir/link.txt --verbose=1
/opt/local/bin/clang++    -Wl,-search_paths_first -Wl,-headerpad_max_install_names   CMakeFiles/cmTC_98031.dir/feature_tests.cxx.o  -o cmTC_98031 


    Feature record: CXX_FEATURE:0cxx_aggregate_default_initializers
    Feature record: CXX_FEATURE:1cxx_alias_templates
    Feature record: CXX_FEATURE:1cxx_alignas
    Feature record: CXX_FEATURE:1cxx_alignof
    Feature record: CXX_FEATURE:1cxx_attributes
    Feature record: CXX_FEATURE:0cxx_attribute_deprecated
    Feature record: CXX_FEATURE:1cxx_auto_type
    Feature record: CXX_FEATURE:0cxx_binary_literals
    Feature record: CXX_FEATURE:1cxx_constexpr
    Feature record: CXX_FEATURE:0cxx_contextual_conversions
    Feature record: CXX_FEATURE:1cxx_decltype
    Feature record: CXX_FEATURE:0cxx_decltype_auto
    Feature record: CXX_FEATURE:1cxx_decltype_incomplete_return_types
    Feature record: CXX_FEATURE:1cxx_default_function_template_args
    Feature record: CXX_FEATURE:1cxx_defaulted_functions
    Feature record: CXX_FEATURE:1cxx_defaulted_move_initializers
    Feature record: CXX_FEATURE:1cxx_delegating_constructors
    Feature record: CXX_FEATURE:1cxx_deleted_functions
    Feature record: CXX_FEATURE:0cxx_digit_separators
    Feature record: CXX_FEATURE:1cxx_enum_forward_declarations
    Feature record: CXX_FEATURE:1cxx_explicit_conversions
    Feature record: CXX_FEATURE:1cxx_extended_friend_declarations
    Feature record: CXX_FEATURE:1cxx_extern_templates
    Feature record: CXX_FEATURE:1cxx_final
    Feature record: CXX_FEATURE:1cxx_func_identifier
    Feature record: CXX_FEATURE:1cxx_generalized_initializers
    Feature record: CXX_FEATURE:0cxx_generic_lambdas
    Feature record: CXX_FEATURE:1cxx_inheriting_constructors
    Feature record: CXX_FEATURE:1cxx_inline_namespaces
    Feature record: CXX_FEATURE:1cxx_lambdas
    Feature record: CXX_FEATURE:0cxx_lambda_init_captures
    Feature record: CXX_FEATURE:1cxx_local_type_template_args
    Feature record: CXX_FEATURE:1cxx_long_long_type
    Feature record: CXX_FEATURE:1cxx_noexcept
    Feature record: CXX_FEATURE:1cxx_nonstatic_member_init
    Feature record: CXX_FEATURE:1cxx_nullptr
    Feature record: CXX_FEATURE:1cxx_override
    Feature record: CXX_FEATURE:1cxx_range_for
    Feature record: CXX_FEATURE:1cxx_raw_string_literals
    Feature record: CXX_FEATURE:1cxx_reference_qualified_functions
    Feature record: CXX_FEATURE:0cxx_relaxed_constexpr
    Feature record: CXX_FEATURE:0cxx_return_type_deduction
    Feature record: CXX_FEATURE:1cxx_right_angle_brackets
    Feature record: CXX_FEATURE:1cxx_rvalue_references
    Feature record: CXX_FEATURE:1cxx_sizeof_member
    Feature record: CXX_FEATURE:1cxx_static_assert
    Feature record: CXX_FEATURE:1cxx_strong_enums
    Feature record: CXX_FEATURE:1cxx_template_template_parameters
    Feature record: CXX_FEATURE:1cxx_thread_local
    Feature record: CXX_FEATURE:1cxx_trailing_return_types
    Feature record: CXX_FEATURE:1cxx_unicode_literals
    Feature record: CXX_FEATURE:1cxx_uniform_initialization
    Feature record: CXX_FEATURE:1cxx_unrestricted_unions
    Feature record: CXX_FEATURE:1cxx_user_literals
    Feature record: CXX_FEATURE:0cxx_variable_templates
    Feature record: CXX_FEATURE:1cxx_variadic_macros
    Feature record: CXX_FEATURE:1cxx_variadic_templates


Detecting CXX [-std=c++98] compiler features compiled with the following output:
Change Dir: /Users/wulfix/Desktop/Cursussen_Gent/ThesisDir/Libraries/Forks/libwint/bbb/CMakeFiles/CMakeTmp

Run Build Command:"/usr/bin/make" "cmTC_45800/fast"
/Applications/Xcode.app/Contents/Developer/usr/bin/make -f CMakeFiles/cmTC_45800.dir/build.make CMakeFiles/cmTC_45800.dir/build
Building CXX object CMakeFiles/cmTC_45800.dir/feature_tests.cxx.o
/opt/local/bin/clang++    -std=c++98 -o CMakeFiles/cmTC_45800.dir/feature_tests.cxx.o -c /Users/wulfix/Desktop/Cursussen_Gent/ThesisDir/Libraries/Forks/libwint/bbb/CMakeFiles/feature_tests.cxx
Linking CXX executable cmTC_45800
/opt/local/bin/cmake -E cmake_link_script CMakeFiles/cmTC_45800.dir/link.txt --verbose=1
/opt/local/bin/clang++    -Wl,-search_paths_first -Wl,-headerpad_max_install_names   CMakeFiles/cmTC_45800.dir/feature_tests.cxx.o  -o cmTC_45800 


    Feature record: CXX_FEATURE:0cxx_aggregate_default_initializers
    Feature record: CXX_FEATURE:0cxx_alias_templates
    Feature record: CXX_FEATURE:0cxx_alignas
    Feature record: CXX_FEATURE:0cxx_alignof
    Feature record: CXX_FEATURE:0cxx_attributes
    Feature record: CXX_FEATURE:0cxx_attribute_deprecated
    Feature record: CXX_FEATURE:0cxx_auto_type
    Feature record: CXX_FEATURE:0cxx_binary_literals
    Feature record: CXX_FEATURE:0cxx_constexpr
    Feature record: CXX_FEATURE:0cxx_contextual_conversions
    Feature record: CXX_FEATURE:0cxx_decltype
    Feature record: CXX_FEATURE:0cxx_decltype_auto
    Feature record: CXX_FEATURE:0cxx_decltype_incomplete_return_types
    Feature record: CXX_FEATURE:0cxx_default_function_template_args
    Feature record: CXX_FEATURE:0cxx_defaulted_functions
    Feature record: CXX_FEATURE:0cxx_defaulted_move_initializers
    Feature record: CXX_FEATURE:0cxx_delegating_constructors
    Feature record: CXX_FEATURE:0cxx_deleted_functions
    Feature record: CXX_FEATURE:0cxx_digit_separators
    Feature record: CXX_FEATURE:0cxx_enum_forward_declarations
    Feature record: CXX_FEATURE:0cxx_explicit_conversions
    Feature record: CXX_FEATURE:0cxx_extended_friend_declarations
    Feature record: CXX_FEATURE:0cxx_extern_templates
    Feature record: CXX_FEATURE:0cxx_final
    Feature record: CXX_FEATURE:0cxx_func_identifier
    Feature record: CXX_FEATURE:0cxx_generalized_initializers
    Feature record: CXX_FEATURE:0cxx_generic_lambdas
    Feature record: CXX_FEATURE:0cxx_inheriting_constructors
    Feature record: CXX_FEATURE:0cxx_inline_namespaces
    Feature record: CXX_FEATURE:0cxx_lambdas
    Feature record: CXX_FEATURE:0cxx_lambda_init_captures
    Feature record: CXX_FEATURE:0cxx_local_type_template_args
    Feature record: CXX_FEATURE:0cxx_long_long_type
    Feature record: CXX_FEATURE:0cxx_noexcept
    Feature record: CXX_FEATURE:0cxx_nonstatic_member_init
    Feature record: CXX_FEATURE:0cxx_nullptr
    Feature record: CXX_FEATURE:0cxx_override
    Feature record: CXX_FEATURE:0cxx_range_for
    Feature record: CXX_FEATURE:0cxx_raw_string_literals
    Feature record: CXX_FEATURE:0cxx_reference_qualified_functions
    Feature record: CXX_FEATURE:0cxx_relaxed_constexpr
    Feature record: CXX_FEATURE:0cxx_return_type_deduction
    Feature record: CXX_FEATURE:0cxx_right_angle_brackets
    Feature record: CXX_FEATURE:0cxx_rvalue_references
    Feature record: CXX_FEATURE:0cxx_sizeof_member
    Feature record: CXX_FEATURE:0cxx_static_assert
    Feature record: CXX_FEATURE:0cxx_strong_enums
    Feature record: CXX_FEATURE:1cxx_template_template_parameters
    Feature record: CXX_FEATURE:0cxx_thread_local
    Feature record: CXX_FEATURE:0cxx_trailing_return_types
    Feature record: CXX_FEATURE:0cxx_unicode_literals
    Feature record: CXX_FEATURE:0cxx_uniform_initialization
    Feature record: CXX_FEATURE:0cxx_unrestricted_unions
    Feature record: CXX_FEATURE:0cxx_user_literals
    Feature record: CXX_FEATURE:0cxx_variable_templates
    Feature record: CXX_FEATURE:0cxx_variadic_macros
    Feature record: CXX_FEATURE:0cxx_variadic_templates
